0 info it worked if it ends with ok
1 verbose cli [ '/usr/bin/node', '/usr/bin/npm', 'install', 'typed.js' ]
2 info using npm@1.4.28
3 info using node@v0.10.38
4 verbose node symlink /usr/bin/node
5 warn package.json package.json@0.0.0 No repository field.
6 verbose readDependencies using package.json deps
7 verbose cache add [ 'typed.js', null ]
8 verbose cache add name=undefined spec="typed.js" args=["typed.js",null]
9 verbose parsed url { protocol: null,
9 verbose parsed url   slashes: null,
9 verbose parsed url   auth: null,
9 verbose parsed url   host: null,
9 verbose parsed url   port: null,
9 verbose parsed url   hostname: null,
9 verbose parsed url   hash: null,
9 verbose parsed url   search: null,
9 verbose parsed url   query: null,
9 verbose parsed url   pathname: 'typed.js',
9 verbose parsed url   path: 'typed.js',
9 verbose parsed url   href: 'typed.js' }
10 silly lockFile c267633e-typed-js typed.js
11 verbose lock typed.js /home/boolean/.npm/c267633e-typed-js.lock
12 silly lockFile c267633e-typed-js typed.js
13 silly lockFile c267633e-typed-js typed.js
14 verbose addNamed [ 'typed.js', '' ]
15 verbose addNamed [ null, '*' ]
16 silly lockFile a82215c3-typed-js typed.js@
17 verbose lock typed.js@ /home/boolean/.npm/a82215c3-typed-js.lock
18 silly addNameRange { name: 'typed.js', range: '*', hasData: false }
19 verbose request where is /typed.js
20 verbose request registry https://registry.npmjs.org/
21 verbose request id cbf5fd5e459b1a5c
22 verbose url raw /typed.js
23 verbose url resolving [ 'https://registry.npmjs.org/', './typed.js' ]
24 verbose url resolved https://registry.npmjs.org/typed.js
25 verbose request where is https://registry.npmjs.org/typed.js
26 info trying registry request attempt 1 at 22:21:05
27 http GET https://registry.npmjs.org/typed.js
28 http 404 https://registry.npmjs.org/typed.js
29 verbose headers { server: 'CouchDB/1.5.0 (Erlang OTP/R16B03)',
29 verbose headers   'content-type': 'application/json',
29 verbose headers   'cache-control': 'max-age=0',
29 verbose headers   'content-length': '51',
29 verbose headers   'accept-ranges': 'bytes',
29 verbose headers   date: 'Fri, 22 May 2015 02:21:05 GMT',
29 verbose headers   via: '1.1 varnish',
29 verbose headers   age: '0',
29 verbose headers   connection: 'keep-alive',
29 verbose headers   'x-served-by': 'cache-atl6223-ATL',
29 verbose headers   'x-cache': 'MISS',
29 verbose headers   'x-cache-hits': '0',
29 verbose headers   'x-timer': 'S1432261265.596977,VS0,VE316' }
30 silly registry.get cb [ 404,
30 silly registry.get   { server: 'CouchDB/1.5.0 (Erlang OTP/R16B03)',
30 silly registry.get     'content-type': 'application/json',
30 silly registry.get     'cache-control': 'max-age=0',
30 silly registry.get     'content-length': '51',
30 silly registry.get     'accept-ranges': 'bytes',
30 silly registry.get     date: 'Fri, 22 May 2015 02:21:05 GMT',
30 silly registry.get     via: '1.1 varnish',
30 silly registry.get     age: '0',
30 silly registry.get     connection: 'keep-alive',
30 silly registry.get     'x-served-by': 'cache-atl6223-ATL',
30 silly registry.get     'x-cache': 'MISS',
30 silly registry.get     'x-cache-hits': '0',
30 silly registry.get     'x-timer': 'S1432261265.596977,VS0,VE316' } ]
31 silly lockFile a82215c3-typed-js typed.js@
32 silly lockFile a82215c3-typed-js typed.js@
33 error 404 404 Not Found: typed.js
33 error 404
33 error 404 'typed.js' is not in the npm registry.
33 error 404 You should bug the author to publish it
33 error 404 It was specified as a dependency of 'Portfolio'
33 error 404
33 error 404 Maybe try 'npm search typed'
33 error 404
33 error 404 Note that you can also install from a
33 error 404 tarball, folder, or http url, or git url.
34 error System Linux 3.16.0-38-generic
35 error command "/usr/bin/node" "/usr/bin/npm" "install" "typed.js"
36 error cwd /home/boolean/workspace/portfolio
37 error node -v v0.10.38
38 error npm -v 1.4.28
39 error code E404
40 verbose exit [ 1, true ]
